<?xml version="1.0" encoding="UTF-8"?>
<!-- Generated by org.testng.reporters.JUnitReportReporter -->
<testsuite skipped="0" hostname="LAPTOP-HPGRN3FM" name="com.ABSAAssessment.TestCases.TC001" tests="2" failures="0" timestamp="19 Jul 2019 10:31:34 GMT" time="24.685" errors="0">
  <testcase name="operation" time="12.740" classname="com.ABSAAssessment.TestCases.TC001"/>
  <testcase name="SecoundOperation" time="11.945" classname="com.ABSAAssessment.TestCases.TC001"/>
</testsuite> <!-- com.ABSAAssessment.TestCases.TC001 -->
